[08/16/2022 12:56:52] Debug: Session id: 302a7455-112e-4367-9090-e4a697008df2
[08/16/2022 12:56:52] Debug: Code Processor information: Name :SnowConvert, Version: 7.11.80.0
[08/16/2022 12:56:52] Debug: Getting license
[08/16/2022 12:56:52] Debug: License information
	Status: Failed
	Message: No active license available.
[08/16/2022 12:56:52] Info: Starting to validate parameters
[08/16/2022 12:56:52] Info: Parameters to validate: 
	Execution mode: Conversion
	LICENSE_KEY: a3372138-b87e-4a08-b929-3b48b24c63f1
[08/16/2022 12:56:52] Info: Validation of parameters: Success
[08/16/2022 12:56:52] Debug: Getting code descriptor
[08/16/2022 12:56:52] Debug: Code descriptor information
	Units: 51
	Units type: LOC
	All file bytes: 2141
	All found extensions: .sql,.dml,.ddl,.bteq,.btq,.fl,.fload,.ml,.mload,.mld,.tp,.tpump,.tpt
[08/16/2022 12:56:52] Debug: Calculating fingerprint
[08/16/2022 12:56:52] Debug: Fingerprint information Fingerprint(size=2141,projects=1)
[08/16/2022 12:56:52] Info: Starting to try to validate online license for execution
[08/16/2022 12:56:54] Debug: Getting license
[08/16/2022 12:56:54] Debug: License information
	Status: Failed
	Message: No active license available.
[08/16/2022 12:56:54] Debug: Starting the execution of the controller
[08/16/2022 12:56:55] Debug: Executing the worker: SnowConvert
[08/16/2022 12:57:07] Debug: Finished executing the worker: SnowConvert
[08/16/2022 12:57:09] Info: Controller execution ended
